<?xml version="1.0" encoding="UTF-8"?>
<!-- Generated by org.testng.reporters.JUnitReportReporter -->
<testsuite hostname="DESKTOP-C68H35F" failures="0" tests="1" name="com.Telecare.testcases.tc_Login_01" time="1.999" errors="0" timestamp="2023-08-03T13:38:41 IST" skipped="0">
  <testcase classname="com.Telecare.testcases.tc_Login_01" name="pageTest" time="1.999"/>
  <system-out/>
</testsuite> <!-- com.Telecare.testcases.tc_Login_01 -->
