<?xml version="1.0" encoding="UTF-8"?>
<!-- Generated by org.testng.reporters.JUnitReportReporter -->
<testsuite hostname="DESKTOP-C68H35F" failures="0" tests="1" name="com.Telecare.testcases.tc_LoginTidyTangle1" time="4.322" errors="0" timestamp="2023-10-03T10:12:00 IST" skipped="0">
  <testcase classname="com.Telecare.testcases.tc_LoginTidyTangle1" name="tidyTangle" time="4.322"/>
  <system-out/>
</testsuite> <!-- com.Telecare.testcases.tc_LoginTidyTangle1 -->
