<?xml version="1.0" encoding="UTF-8"?>
<!-- Generated by org.testng.reporters.JUnitReportReporter -->
<testsuite hostname="DESKTOP-C68H35F" failures="0" tests="5" name="com.Telecare.testcases.tc_Login_02" time="93.800" errors="0" timestamp="2023-08-01T18:26:13 IST" skipped="0">
  <testcase classname="com.Telecare.testcases.tc_Login_02" name="xlData" time="19.319"/>
  <system-out/>
  <testcase classname="com.Telecare.testcases.tc_Login_02" name="xlData" time="18.817"/>
  <system-out/>
  <testcase classname="com.Telecare.testcases.tc_Login_02" name="xlData" time="18.627"/>
  <system-out/>
  <testcase classname="com.Telecare.testcases.tc_Login_02" name="xlData" time="18.739"/>
  <system-out/>
  <testcase classname="com.Telecare.testcases.tc_Login_02" name="xlData" time="18.298"/>
  <system-out/>
</testsuite> <!-- com.Telecare.testcases.tc_Login_02 -->
