<?xml version="1.0" encoding="UTF-8"?>
<!-- Generated by org.testng.reporters.JUnitReportReporter -->
<testsuite hostname="DESKTOP-C68H35F" failures="0" tests="1" name="com.Telecare.testcases.tc_AddCustomer_03" time="15.956" errors="0" timestamp="2023-08-01T18:26:13 IST" skipped="0">
  <testcase classname="com.Telecare.testcases.tc_AddCustomer_03" name="customerPage" time="15.956"/>
  <system-out/>
</testsuite> <!-- com.Telecare.testcases.tc_AddCustomer_03 -->
